# JRE version: OpenJDK Runtime Environment Zulu24.32+13-CA (24.0.2+12) (build 24.0.2+12)
# Java VM: OpenJDK 64-Bit Server VM Zulu24.32+13-CA (24.0.2+12, mixed mode, sharing, tiered, compressed oops, compressed class ptrs, g1 gc, windows-amd64)
GC Precious Log:
 CardTable entry size: 512
 Card Set container configuration: InlinePtr #cards 4 size 8 Array Of Cards #cards 32 size 80 Howl #buckets 8 coarsen threshold 7372 Howl Bitmap #cards 1024 size 144 coarsen threshold 921 Card regions per heap region 1 cards per card region 8192
 CPUs: 4 total, 4 available
 Memory: 20214M
 Large Page Support: Disabled
 NUMA Support: Disabled
 Compressed Oops: Enabled (Zero based)
 Heap Region Size: 4M
 Heap Min Capacity: 8M
 Heap Initial Capacity: 316M
 Heap Max Capacity: 5056M
 Pre-touch: Disabled
 Parallel Workers: 4
 Concurrent Workers: 1
 Concurrent Refinement Workers: 4
 Periodic GC: Disabled
Heap:
 garbage-first heap   total reserved 5177344K, committed 118784K, used 61448K [0x00000006c4000000, 0x0000000800000000)
  region size 4096K, 12 young (49152K), 1 survivors (4096K)
 Metaspace       used 30510K, committed 30976K, reserved 1114112K
  class space    used 2981K, committed 3200K, reserved 1048576K
GC Heap History (6 events):
Event: 0.717 GC heap before
{Heap before GC invocations=0 (full 0):
 garbage-first heap   total reserved 5177344K, committed 327680K, used 29808K [0x00000006c4000000, 0x0000000800000000)
  region size 4096K, 7 young (28672K), 0 survivors (0K)
 Metaspace       used 6144K, committed 6336K, reserved 1114112K
  class space    used 545K, committed 640K, reserved 1048576K
}
Event: 0.720 GC heap after
{Heap after GC invocations=1 (full 0):
 garbage-first heap   total reserved 5177344K, committed 327680K, used 4581K [0x00000006c4000000, 0x0000000800000000)
  region size 4096K, 1 young (4096K), 1 survivors (4096K)
 Metaspace       used 6144K, committed 6336K, reserved 1114112K
  class space    used 545K, committed 640K, reserved 1048576K
}
Event: 3.724 GC heap before
{Heap before GC invocations=1 (full 0):
 garbage-first heap   total reserved 5177344K, committed 327680K, used 131557K [0x00000006c4000000, 0x0000000800000000)
  region size 4096K, 34 young (139264K), 1 survivors (4096K)
 Metaspace       used 21151K, committed 21504K, reserved 1114112K
  class space    used 2059K, committed 2240K, reserved 1048576K
}
Event: 3.741 GC heap after
{Heap after GC invocations=2 (full 0):
 garbage-first heap   total reserved 5177344K, committed 327680K, used 23552K [0x00000006c4000000, 0x0000000800000000)
  region size 4096K, 5 young (20480K), 5 survivors (20480K)
 Metaspace       used 21151K, committed 21504K, reserved 1114112K
  class space    used 2059K, committed 2240K, reserved 1048576K
}
Event: 5.425 GC heap before
{Heap before GC invocations=3 (full 0):
 garbage-first heap   total reserved 5177344K, committed 98304K, used 93184K [0x00000006c4000000, 0x0000000800000000)
  region size 4096K, 22 young (90112K), 5 survivors (20480K)
 Metaspace       used 28973K, committed 29248K, reserved 1114112K
  class space    used 2813K, committed 2944K, reserved 1048576K
}
Event: 5.442 GC heap after
{Heap after GC invocations=4 (full 0):
 garbage-first heap   total reserved 5177344K, committed 118784K, used 20488K [0x00000006c4000000, 0x0000000800000000)
  region size 4096K, 1 young (4096K), 1 survivors (4096K)
 Metaspace       used 28973K, committed 29248K, reserved 1114112K
  class space    used 2813K, committed 2944K, reserved 1048576K
}

